<?xml version="1.0" encoding="UTF-8"?>
<testsuite name="challenge2.Challenge2Test" tests="1" skipped="0" failures="0" errors="0" timestamp="2022-08-26T18:53:38" hostname="Alejo.local" time="0.016">
  <properties/>
  <testcase name="solution3Tests()" classname="challenge2.Challenge2Test" time="0.016"/>
  <system-out><![CDATA[]]></system-out>
  <system-err><![CDATA[]]></system-err>
</testsuite>
