<?xml version="1.0" encoding="UTF-8"?>
<testsuite name="Challenge1Test" tests="8" skipped="0" failures="0" errors="0" timestamp="2022-08-26T18:06:38" hostname="Alejo.local" time="0.076">
  <properties/>
  <testcase name="solution1BasicTests()" classname="Challenge1Test" time="0.016"/>
  <testcase name="solution3BasicTests()" classname="Challenge1Test" time="0.002"/>
  <testcase name="solution2BasicTests()" classname="Challenge1Test" time="0.004"/>
  <testcase name="solution1RandomTests()" classname="Challenge1Test" time="0.031"/>
  <testcase name="solution2RandomTests()" classname="Challenge1Test" time="0.007"/>
  <testcase name="solution3RandomTests()" classname="Challenge1Test" time="0.007"/>
  <testcase name="solution4BasicTests()" classname="Challenge1Test" time="0.001"/>
  <testcase name="solution4RandomTests()" classname="Challenge1Test" time="0.003"/>
  <system-out><![CDATA[]]></system-out>
  <system-err><![CDATA[]]></system-err>
</testsuite>
